"../../../Engine/Content/Functions/Engine_MaterialFunctions01/Opacity/CameraDepthFade.uasset" 0
"../../../Engine/Content/EngineMaterials/T_Default_Material_Grid_M.uasset" 1
"../../../Engine/Content/EngineMaterials/T_Default_Material_Grid_N.uasset" 2
"../../../Engine/Content/EngineMaterials/WorldGridMaterial.uasset" 3
"../../../Engine/Content/ArtTools/RenderToTexture/Meshes/S_1_Unit_Plane.uasset" 4
"../../../Engine/Content/BasicShapes/Cube.uasset" 5
"../../../Engine/Content/EngineMaterials/DefaultMaterial.uasset" 6
"../../../Engine/Content/BasicShapes/Cylinder.uasset" 7
"../../../Engine/Content/EngineMaterials/DefaultPhysicalMaterial.uasset" 8
"../../../Engine/Content/BufferVisualization/AmbientOcclusion.uasset" 9
"../../../Engine/Content/BufferVisualization/BaseColor.uasset" 10
"../../../Engine/Content/BufferVisualization/CustomDepth.uasset" 11
"../../../Engine/Content/Functions/Engine_MaterialFunctions02/Utility/VectorLength.uasset" 12
"../../../Engine/Content/BufferVisualization/CustomDepthWorldUnits.uasset" 13
"../../../Engine/Content/Functions/Engine_MaterialFunctions02/Utility/BreakOutFloat2Components.uasset" 14
"../../../Engine/Content/Functions/Engine_MaterialFunctions01/Texturing/ScaleUVsByCenter.uasset" 15
"../../../Engine/Content/Functions/Engine_MaterialFunctions02/ScreenResolution.uasset" 16
"../../../Engine/Content/Functions/Engine_MaterialFunctions02/Texturing/ScreenAlignedUVs.uasset" 17
"../../../Engine/Content/Functions/Engine_MaterialFunctions02/Utility/MakeFloat2.uasset" 18
"../../../Engine/Content/Functions/Engine_MaterialFunctions02/Utility/MakeFloat3.uasset" 19
"../../../Engine/Content/EngineMaterials/MiniFont.uasset" 20
"../../../Engine/Content/BufferVisualization/CustomStencil.uasset" 21
"../../../Engine/Content/BufferVisualization/FinalImage.uasset" 22
"../../../Engine/Content/BufferVisualization/LightingModel.uasset" 23
"../../../Engine/Content/BufferVisualization/MaterialAO.uasset" 24
"../../../Engine/Content/BufferVisualization/Metallic.uasset" 25
"../../../Engine/Content/BufferVisualization/Opacity.uasset" 26
"../../../Engine/Content/BufferVisualization/PostTonemapHDRColor.uasset" 27
"../../../Engine/Content/BufferVisualization/PreTonemapHDRColor.uasset" 28
"../../../Engine/Content/BufferVisualization/Roughness.uasset" 29
"../../../Engine/Content/BufferVisualization/SceneColor.uasset" 30
"../../../Engine/Content/BufferVisualization/SceneDepth.uasset" 31
"../../../Engine/Content/BufferVisualization/SceneDepthWorldUnits.uasset" 32
"../../../Engine/Content/BufferVisualization/SeparateTranslucencyA.uasset" 33
"../../../Engine/Content/BufferVisualization/SeparateTranslucencyRGB.uasset" 34
"../../../Engine/Content/BufferVisualization/Specular.uasset" 35
"../../../Engine/Content/BufferVisualization/SubsurfaceColor.uasset" 36
"../../../Engine/Content/BufferVisualization/WorldNormal.uasset" 37
"../../../Engine/Content/EditorLandscapeResources/DataLayer.uasset" 38
"../../../Engine/Content/EditorLandscapeResources/DefaultAlphaTexture.uasset" 39
"../../../Engine/Content/EditorLandscapeResources/LandscapeGizmoHeight_Mat.uasset" 40
"../../../Engine/Content/EditorLandscapeResources/LandscapeGizmo_Mat.uasset" 41
"../../../Engine/Content/EditorLandscapeResources/LandscapeGizmo_Mat_Copied.uasset" 42
"../../../Engine/Content/EditorLandscapeResources/SplineEditorMeshMat.uasset" 43
"../../../Engine/Content/EditorLandscapeResources/SplineEditorMesh.uasset" 44
"../../../Engine/Content/EditorMaterials/Cross.uasset" 45
"../../../Engine/Content/EditorMaterials/Cross_Mat.uasset" 46
"../../../Engine/Content/EditorMaterials/GizmoMaterial.uasset" 47
"../../../Engine/Content/Functions/Engine_MaterialFunctions02/Utility/Sign.uasset" 48
"../../../Engine/Content/Functions/Engine_MaterialFunctions02/Utility/Round.uasset" 49
"../../../Engine/Content/Functions/Engine_MaterialFunctions02/ExampleContent/Textures/flipbook.uasset" 50
"../../../Engine/Content/Functions/Engine_MaterialFunctions02/Texturing/FlipBook.uasset" 51
"../../../Engine/Content/EditorResources/T_EditorHelp.uasset" 52
"../../../Engine/Content/EditorMaterials/HelpActorMaterial.uasset" 53
"../../../Engine/Content/EditorMaterials/CompositeARGBLayer.uasset" 54
"../../../Engine/Content/EditorMaterials/TilingAALineIntegral.uasset" 55
"../../../Engine/Content/EditorMaterials/TilingAALineBoxFiltered.uasset" 56
"../../../Engine/Content/Functions/Engine_MaterialFunctions03/Procedurals/ComputeFilterWidth.uasset" 57
"../../../Engine/Content/EditorMaterials/TilingAADots.uasset" 58
"../../../Engine/Content/EditorMaterials/Cascade/CASC_Cross.uasset" 59
"../../../Engine/Content/EditorMaterials/Cascade/CASC_None.uasset" 60
"../../../Engine/Content/Functions/Engine_MaterialFunctions03/Blends/Blend_Screen.uasset" 61
"../../../Engine/Content/EditorMaterials/TilingAAGrid.uasset" 62
"../../../Engine/Content/EditorMaterials/LevelGridMaterial.uasset" 63
"../../../Engine/Content/EditorMaterials/MakeCompositeARGBLayer.uasset" 64
"../../../Engine/Content/EditorResources/LevelGrid1DStripes.uasset" 65
"../../../Engine/Content/EditorMaterials/TextureGridCascaded1D.uasset" 66
"../../../Engine/Content/EditorMaterials/TextureGridCascaded2D.uasset" 67
"../../../Engine/Content/EditorMaterials/LevelGridMaterial2.uasset" 68
"../../../Engine/Content/EditorMaterials/MAT_Groups_Toggle.uasset" 69
"../../../Engine/Content/EditorMaterials/MAT_Groups_Visibility.uasset" 70
"../../../Engine/Content/EditorMaterials/PhAT_BoneSelectedMaterial.uasset" 71
"../../../Engine/Content/EditorMaterials/PhAT_ElemSelectedMaterial.uasset" 72
"../../../Engine/Content/EditorMaterials/PhAT_NoCollisionMaterial.uasset" 73
"../../../Engine/Content/EditorMaterials/PhAT_UnselectedMaterial.uasset" 74
"../../../Engine/Content/EditorMaterials/PreviewShadowIndicator.uasset" 75
"../../../Engine/Content/EditorMaterials/PreviewShadowIndicatorMaterial.uasset" 76
"../../../Engine/Content/EditorMaterials/TargetIcon.uasset" 77
"../../../Engine/Content/EditorMaterials/Tick.uasset" 78
"../../../Engine/Content/EditorMaterials/Tick_Mat.uasset" 79
"../../../Engine/Content/EditorMaterials/WidgetGridVertexColorMaterial.uasset" 80
"../../../Engine/Content/EditorMaterials/WidgetGridVertexColorMaterial_Ma.uasset" 81
"../../../Engine/Content/EditorMaterials/WidgetMaterial.uasset" 82
"../../../Engine/Content/EditorMaterials/WidgetMaterial_Current.uasset" 83
"../../../Engine/Content/EditorMaterials/WidgetMaterial_X.uasset" 84
"../../../Engine/Content/EditorMaterials/WidgetMaterial_Y.uasset" 85
"../../../Engine/Content/EditorMaterials/WidgetMaterial_Z.uasset" 86
"../../../Engine/Content/EditorMaterials/WidgetVertexColorMaterial.uasset" 87
"../../../Engine/Content/EditorMaterials/MatineeGroups/MAT_ColorTrack.uasset" 88
"../../../Engine/Content/EditorMaterials/MatineeGroups/MAT_Groups_Anim.uasset" 89
"../../../Engine/Content/EditorMaterials/MatineeGroups/MAT_Groups_AudioMaster.uasset" 90
"../../../Engine/Content/EditorMaterials/MatineeGroups/MAT_Groups_Director.uasset" 91
"../../../Engine/Content/EditorMaterials/MatineeGroups/MAT_Groups_Event.uasset" 92
"../../../Engine/Content/EditorMaterials/MatineeGroups/MAT_Groups_Fade.uasset" 93
"../../../Engine/Content/EditorMaterials/MatineeGroups/MAT_Groups_Float.uasset" 94
"../../../Engine/Content/EditorMaterials/MatineeGroups/MAT_Groups_Move.uasset" 95
"../../../Engine/Content/EditorMaterials/MatineeGroups/MAT_Groups_Slomo.uasset" 96
"../../../Engine/Content/EditorMaterials/MatineeGroups/MAT_Groups_Sound.uasset" 97
"../../../Engine/Content/EditorMaterials/MatineeGroups/MAT_Groups_Vector.uasset" 98
"../../../Engine/Content/EditorMaterials/ParticleSystems/PSysThumbnail_NoImage.uasset" 99
"../../../Engine/Content/EditorMaterials/ParticleSystems/PSysThumbnail_OOD.uasset" 100
"../../../Engine/Content/EngineMaterials/Grid.uasset" 101
"../../../Engine/Content/EditorMaterials/Thumbnails/FloorPlaneMaterial.uasset" 102
"../../../Engine/Content/EditorMeshes/EditorCube.uasset" 103
"../../../Engine/Content/EditorMeshes/EditorCylinder.uasset" 104
"../../../Engine/Content/EditorMeshes/EditorPlane.uasset" 105
"../../../Engine/Content/EditorMaterials/Thumbnails/SkySphereMaterial.uasset" 106
"../../../Engine/Content/EditorMeshes/EditorSkySphere.uasset" 107
"../../../Engine/Content/EditorMeshes/EditorSphere.uasset" 108
"../../../Engine/Content/EditorMaterials/Camera/CineMat.uasset" 109
"../../../Engine/Content/EditorMaterials/Camera/MI_CineMat_CameraBody.uasset" 110
"../../../Engine/Content/EngineDebugMaterials/M_SimpleOpaque.uasset" 111
"../../../Engine/Content/EditorMaterials/Camera/MI_CineMat_CamViewFinder.uasset" 112
"../../../Engine/Content/EditorMeshes/Camera/SM_CineCam.uasset" 113
"../../../Engine/Content/EditorMaterials/Camera/MI_CineMat_Rig.uasset" 114
"../../../Engine/Content/EditorMeshes/Camera/SM_CraneRig_Arm.uasset" 115
"../../../Engine/Content/EditorMeshes/Camera/SM_CraneRig_Base.uasset" 116
"../../../Engine/Content/EditorMeshes/Camera/SM_CraneRig_Body.uasset" 117
"../../../Engine/Content/EditorMeshes/Camera/SM_CraneRig_Mount.uasset" 118
"../../../Engine/Content/EditorMeshes/Camera/SM_RailRig_Mount.uasset" 119
"../../../Engine/Content/EditorMeshes/Camera/SM_RailRig_Track.uasset" 120
"../../../Engine/Content/EditorMeshes/ColorCalibrator/M_ChromeBall.uasset" 121
"../../../Engine/Content/EditorMeshes/ColorCalibrator/M_ClearCoat.uasset" 122
"../../../Engine/Content/EditorMeshes/ColorCalibrator/M_ClearCoatBlack.uasset" 123
"../../../Engine/Content/EditorMeshes/ColorCalibrator/Color_checker.uasset" 124
"../../../Engine/Content/EditorMeshes/ColorCalibrator/M_ColorGrid.uasset" 125
"../../../Engine/Content/EditorMeshes/ColorCalibrator/M_GreyBall.uasset" 126
"../../../Engine/Content/EditorMeshes/ColorCalibrator/SM_ColorCalibrator.uasset" 127
"../../../Engine/Content/EditorResources/Bad.uasset" 128
"../../../Engine/Content/EditorResources/BSPVertex.uasset" 129
"../../../Engine/Content/EditorResources/EmptyActor.uasset" 130
"../../../Engine/Content/EditorResources/MatInstActSprite.uasset" 131
"../../../Engine/Content/EditorResources/SceneManager.uasset" 132
"../../../Engine/Content/EditorResources/SmallFont.uasset" 133
"../../../Engine/Content/EditorResources/S_Actor.uasset" 134
"../../../Engine/Content/EditorResources/S_DecalActorIcon.uasset" 135
"../../../Engine/Content/EditorResources/S_Emitter.uasset" 136
"../../../Engine/Content/EditorResources/S_ExpoHeightFog.uasset" 137
"../../../Engine/Content/EditorResources/S_FTest.uasset" 138
"../../../Engine/Content/EditorResources/S_KBSJoint.uasset" 139
"../../../Engine/Content/EditorResources/S_KHinge.uasset" 140
"../../../Engine/Content/EditorResources/S_KPrismatic.uasset" 141
"../../../Engine/Content/EditorResources/S_LevelSequence.uasset" 142
"../../../Engine/Content/EditorResources/S_NavP.uasset" 143
"../../../Engine/Content/EditorResources/S_Note.uasset" 144
"../../../Engine/Content/EditorResources/S_Player.uasset" 145
"../../../Engine/Content/EditorResources/S_PortalActorIcon2.uasset" 146
"../../../Engine/Content/EditorResources/S_RadForce.uasset" 147
"../../../Engine/Content/EditorResources/S_ReflActorIcon.uasset" 148
"../../../Engine/Content/EditorResources/S_Terrain.uasset" 149
"../../../Engine/Content/EditorResources/S_TextRenderActorIcon.uasset" 150
"../../../Engine/Content/EditorResources/S_Thruster.uasset" 151
"../../../Engine/Content/EditorResources/S_Trigger.uasset" 152
"../../../Engine/Content/EditorResources/S_VectorFieldVol.uasset" 153
"../../../Engine/Content/EditorResources/S_WindDirectional.uasset" 154
"../../../Engine/Content/EditorResources/AI/S_NavLink.uasset" 155
"../../../Engine/Content/EditorResources/LightIcons/SkyLight.uasset" 156
"../../../Engine/Content/EditorResources/LightIcons/S_LightDirectional.uasset" 157
"../../../Engine/Content/EditorResources/LightIcons/S_LightDirectionalMove.uasset" 158
"../../../Engine/Content/EditorResources/LightIcons/S_LightError.uasset" 159
"../../../Engine/Content/EditorResources/LightIcons/S_LightPoint.uasset" 160
"../../../Engine/Content/EditorResources/LightIcons/S_LightPointMove.uasset" 161
"../../../Engine/Content/EditorResources/LightIcons/S_LightSpot.uasset" 162
"../../../Engine/Content/EditorResources/LightIcons/S_LightSpotMove.uasset" 163
"../../../Engine/Content/EditorResources/SequenceRecorder/Countdown.uasset" 164
"../../../Engine/Content/EditorResources/SequenceRecorder/RecordingIndicator.uasset" 165
"../../../Engine/Content/EditorResources/Spline/T_Loft_Spline.uasset" 166
"../../../Engine/Content/EditorSounds/Notifications/CompileFailed.uasset" 167
"../../../Engine/Content/EditorSounds/Notifications/CompileFailed_Cue.uasset" 168
"../../../Engine/Content/EditorSounds/Notifications/CompileSuccess.uasset" 169
"../../../Engine/Content/EditorSounds/Notifications/CompileStart_Cue.uasset" 170
"../../../Engine/Content/EditorSounds/Notifications/CompileSuccess_Cue.uasset" 171
"../../../Engine/Content/EngineDamageTypes/DmgTypeBP_Environmental.uasset" 172
"../../../Engine/Content/EngineDebugMaterials/HeatmapGradient.uasset" 173
"../../../Engine/Content/EngineDebugMaterials/BoneWeightMaterial.uasset" 174
"../../../Engine/Content/EngineDebugMaterials/ClothMaterial.uasset" 175
"../../../Engine/Content/EngineDebugMaterials/ClothMaterial_WF.uasset" 176
"../../../Engine/Content/EngineDebugMaterials/DebugEditorMaterial.uasset" 177
"../../../Engine/Content/EngineDebugMaterials/DebugMeshMaterial.uasset" 178
"../../../Engine/Content/EngineDebugMaterials/GeomMaterial.uasset" 179
"../../../Engine/Content/Functions/Engine_MaterialFunctions01/Shading/ConvertFromDiffSpec.uasset" 180
"../../../Engine/Content/EngineDebugMaterials/LevelColorationLitMaterial.uasset" 181
"../../../Engine/Content/EngineDebugMaterials/LevelColorationUnlitMaterial.uasset" 182
"../../../Engine/Content/EngineMaterials/DefaultWhiteGrid.uasset" 183
"../../../Engine/Content/EngineDebugMaterials/MAT_LevelColorationLitLightmapUV.uasset" 184
"../../../Engine/Content/EngineDebugMaterials/M_SimpleTranslucent.uasset" 185
"../../../Engine/Content/EngineDebugMaterials/ShadedLevelColorationLitMaterial.uasset" 186
"../../../Engine/Content/EngineDebugMaterials/ShadedLevelColorationUnlitMateri.uasset" 187
"../../../Engine/Content/EngineDebugMaterials/VertexColorMaterial.uasset" 188
"../../../Engine/Content/EngineDebugMaterials/VertexColorViewMode_AlphaAsColor.uasset" 189
"../../../Engine/Content/EngineDebugMaterials/VertexColorViewMode_BlueOnly.uasset" 190
"../../../Engine/Content/EngineDebugMaterials/VertexColorViewMode_ColorOnly.uasset" 191
"../../../Engine/Content/EngineDebugMaterials/VertexColorViewMode_GreenOnly.uasset" 192
"../../../Engine/Content/EngineDebugMaterials/VertexColorViewMode_RedOnly.uasset" 193
"../../../Engine/Content/EngineDebugMaterials/WireframeMaterial.uasset" 194
"../../../Engine/Content/EngineFonts/Faces/RobotoBold.uasset" 195
"../../../Engine/Content/EngineFonts/Faces/RobotoBoldItalic.uasset" 196
"../../../Engine/Content/EngineFonts/Faces/RobotoItalic.uasset" 197
"../../../Engine/Content/EngineFonts/Faces/RobotoLight.uasset" 198
"../../../Engine/Content/EngineFonts/Faces/RobotoRegular.uasset" 199
"../../../Engine/Content/EngineFonts/Roboto.uasset" 200
"../../../Engine/Content/EngineFonts/Faces/RobotoTiny.uasset" 201
"../../../Engine/Content/EngineFonts/RobotoTiny.uasset" 202
"../../../Engine/Content/EngineFonts/SmallFont.uasset" 203
"../../../Engine/Content/EngineFonts/TinyFont.uasset" 204
"../../../Engine/Content/EngineResources/WhiteSquareTexture.uasset" 205
"../../../Engine/Content/EngineMaterials/BlinkingCaret.uasset" 206
"../../../Engine/Content/EngineMaterials/DefaultBloomKernel.uasset" 207
"../../../Engine/Content/EngineMaterials/DefaultBokeh.uasset" 208
"../../../Engine/Content/EngineMaterials/DefaultDiffuse.uasset" 209
"../../../Engine/Content/EngineMaterials/DefaultDeferredDecalMaterial.uasset" 210
"../../../Engine/Content/EngineMaterials/DefaultLightFunctionMaterial.uasset" 211
"../../../Engine/Content/EngineMaterials/DefaultNormal.uasset" 212
"../../../Engine/Content/EngineMaterials/DefaultPostProcessMaterial.uasset" 213
"../../../Engine/Content/EngineFonts/RobotoDistanceField.uasset" 214
"../../../Engine/Content/EngineMaterials/DefaultTextMaterialOpaque.uasset" 215
"../../../Engine/Content/EngineMaterials/EditorBrushMaterial.uasset" 216
"../../../Engine/Content/EngineMaterials/Good64x64TilingNoiseHighFreq.uasset" 217
"../../../Engine/Content/EngineMaterials/Grid_N.uasset" 218
"../../../Engine/Content/EngineMaterials/HighResolutionScreenshotMaskFunction.uasset" 219
"../../../Engine/Content/EngineMaterials/HighResScreenshot.uasset" 220
"../../../Engine/Content/EngineMaterials/HighResScreenshotCaptureRegion.uasset" 221
"../../../Engine/Content/EngineMaterials/HighResScreenshotMask.uasset" 222
"../../../Engine/Content/EngineMaterials/LandscapeHolePhysicalMaterial.uasset" 223
"../../../Engine/Content/EngineMaterials/InvalidLightmapSettings.uasset" 224
"../../../Engine/Content/EngineMaterials/M_InvalidLightmapSettings.uasset" 225
"../../../Engine/Content/EngineMaterials/PaperDiffuse.uasset" 226
"../../../Engine/Content/EngineMaterials/PaperNormal.uasset" 227
"../../../Engine/Content/Functions/Engine_MaterialFunctions02/WorldPositionOffset/CameraOffset.uasset" 228
"../../../Engine/Content/EngineMaterials/PhAT_JointLimitMaterial.uasset" 229
"../../../Engine/Content/EngineMaterials/PhysMat_Rubber.uasset" 230
"../../../Engine/Content/EngineMaterials/PreintegratedSkinBRDF.uasset" 231
"../../../Engine/Content/EngineMaterials/RemoveSurfaceMaterial.uasset" 232
"../../../Engine/Content/EngineMaterials/WeightMapPlaceholderTexture.uasset" 233
"../../../Engine/Content/EngineMaterials/Widget3DPassThrough.uasset" 234
"../../../Engine/Content/EngineMaterials/Widget3DPassThrough_Masked.uasset" 235
"../../../Engine/Content/EngineMaterials/Widget3DPassThrough_Opaque.uasset" 236
"../../../Engine/Content/EngineMaterials/Widget3DPassThrough_Masked_OneSided.uasset" 237
"../../../Engine/Content/EngineMaterials/Widget3DPassThrough_Opaque_OneSided.uasset" 238
"../../../Engine/Content/EngineMaterials/Widget3DPassThrough_Translucent.uasset" 239
"../../../Engine/Content/EngineMaterials/Widget3DPassThrough_Translucent_OneSided.uasset" 240
"../../../Engine/Content/EngineMeshes/Cube.uasset" 241
"../../../Engine/Content/EngineMeshes/Cylinder.uasset" 242
"../../../Engine/Content/EngineMeshes/Sphere.uasset" 243
"../../../Engine/Content/EngineResources/DefaultTexture.uasset" 244
"../../../Engine/Content/EngineResources/DefaultTextureCube.uasset" 245
"../../../Engine/Content/EngineResources/GradientTexture0.uasset" 246
"../../../Engine/Content/EngineResources/StreamingPauseIcon.uasset" 247
"../../../Engine/Content/EngineResources/M_StreamingPause.uasset" 248
"../../../Engine/Content/EngineSounds/Master.uasset" 249
"E:/realsound/jam/Content/Mannequin/Character/Mesh/UE4_Mannequin_Skeleton.uasset" 250
"E:/realsound/jam/Content/Mannequin/Animations/ThirdPerson_Jump.uasset" 251
"E:/realsound/jam/Content/Mannequin/Animations/ThirdPersonJump_Loop.uasset" 252
"E:/realsound/jam/Content/Mannequin/Animations/ThirdPersonJump_Start.uasset" 253
"E:/realsound/jam/Content/Mannequin/Animations/ThirdPersonIdle.uasset" 254
"E:/realsound/jam/Content/Mannequin/Animations/ThirdPersonRun.uasset" 255
"E:/realsound/jam/Content/Mannequin/Animations/ThirdPersonWalk.uasset" 256
"E:/realsound/jam/Content/Mannequin/Animations/ThirdPerson_IdleRun_2D.uasset" 257
"../../../Engine/Content/EditorBlueprintResources/StandardMacros.uasset" 258
"E:/realsound/jam/Content/Mannequin/Animations/ThirdPerson_AnimBP.uasset" 259
"../../../Engine/Content/Functions/Engine_MaterialFunctions02/Utility/BlendAngleCorrectedNormals.uasset" 260
"../../../Engine/Content/Functions/MaterialLayerFunctions/MatLayerBlend_NormalBlend.uasset" 261
"../../../Engine/Content/Functions/MaterialLayerFunctions/MatLayerBlend_Simple.uasset" 262
"E:/realsound/jam/Content/Mannequin/Character/Materials/MaterialLayers/T_ML_Rubber_Blue_01_D.uasset" 263
"E:/realsound/jam/Content/Mannequin/Character/Materials/MaterialLayers/T_ML_Rubber_Blue_01_N.uasset" 264
"E:/realsound/jam/Content/Mannequin/Character/Materials/MaterialLayers/ML_GlossyBlack_Latex_UE4.uasset" 265
"E:/realsound/jam/Content/Mannequin/Character/Materials/MaterialLayers/ML_Plastic_Shiny_Beige.uasset" 266
"E:/realsound/jam/Content/Mannequin/Character/Textures/UE4_LOGO_CARD.uasset" 267
"E:/realsound/jam/Content/Mannequin/Character/Materials/MaterialLayers/ML_Plastic_Shiny_Beige_LOGO.uasset" 268
"E:/realsound/jam/Content/Mannequin/Character/Materials/MaterialLayers/T_ML_Aluminum01.uasset" 269
"E:/realsound/jam/Content/Mannequin/Character/Materials/MaterialLayers/T_ML_Aluminum01_N.uasset" 270
"E:/realsound/jam/Content/Mannequin/Character/Materials/MaterialLayers/ML_SoftMetal_UE4.uasset" 271
"E:/realsound/jam/Content/Mannequin/Character/Textures/UE4_Mannequin__normals.uasset" 272
"E:/realsound/jam/Content/Mannequin/Character/Textures/UE4_Mannequin_MAT_MASKA.uasset" 273
"E:/realsound/jam/Content/Mannequin/Character/Materials/M_UE4Man_Body.uasset" 274
"E:/realsound/jam/Content/Mannequin/Character/Textures/UE4Man_Logo_N.uasset" 275
"E:/realsound/jam/Content/Mannequin/Character/Materials/M_UE4Man_ChestLogo.uasset" 276
"E:/realsound/jam/Content/Mannequin/Character/Mesh/SK_Mannequin_PhysicsAsset.uasset" 277
"E:/realsound/jam/Content/Mannequin/Character/Mesh/SK_Mannequin.uasset" 278
"E:/realsound/jam/Content/ThirdPersonCPP/Blueprints/ThirdPersonCharacter.uasset" 279
"../../../Engine/Content/MobileResources/HUD/T_Castle_ThumbstickInner.uasset" 280
"../../../Engine/Content/MobileResources/HUD/T_Castle_ThumbstickOutter.uasset" 281
"../../../Engine/Content/Tutorial/ContentIntroCurve.uasset" 282
"../../../Engine/Content/Tutorial/Basics/TutorialAssets/icon_tab_Levels_40x.uasset" 283
"../../../Engine/Content/Tutorial/BlueprintTutorials/TutorialAssets/BlueprintInterface_64x.uasset" 284
"../../../Engine/Content/Tutorial/BlueprintTutorials/TutorialAssets/BlueprintMacroLibrary_64x.uasset" 285
"../../../Engine/Content/Tutorial/BlueprintTutorials/TutorialAssets/Blueprint_64x.uasset" 286
"../../../Engine/Content/Tutorial/BlueprintTutorials/TutorialAssets/Tutorial_BP_Interface.uasset" 287
"../../../Engine/Content/Tutorial/Foliage/TutorialAssets/Foliage.uasset" 288
"../../../Engine/Content/Tutorial/Landscape/TutorialAssets/Landscape.uasset" 289
"../../../Engine/Content/Tutorial/Paper2D/TutorialAssets/Paper2DFlipbook_TutorialIcon.uasset" 290
"../../../Engine/Content/Tutorial/Paper2D/TutorialAssets/Paper2DSprite_TutorialIcon.uasset" 291
"../../../Engine/Content/Tutorial/SubEditors/TutorialAssets/icon_Editor_Preferences_General_40x.uasset" 292
"../../../Engine/Content/Tutorial/SubEditors/TutorialAssets/icon_ShowSkeletalMeshes_40x.uasset" 293
"../../../Engine/Content/Tutorial/SubEditors/TutorialAssets/TutorialMaterial.uasset" 294
"../../../Engine/Content/Tutorial/SubEditors/TutorialAssets/T_SmokeSubUV_8X8.uasset" 295
"../../../Engine/Content/Tutorial/SubEditors/TutorialAssets/T_soft_smoke.uasset" 296
"../../../Engine/Content/Tutorial/SubEditors/TutorialAssets/M_smoke_subUV_blackbody.uasset" 297
"../../../Engine/Content/Tutorial/SubEditors/TutorialAssets/TutorialParticleSystem.uasset" 298
"../../../Engine/Content/VREditor/Devices/Generic/GenericHMDMaterial.uasset" 299
"../../../Engine/Content/VREditor/Devices/Generic/GenericHMD.uasset" 300
"../../../Engine/Content/Functions/Engine_MaterialFunctions02/Utility/BreakOutFloat3Components.uasset" 301
"../../../Engine/Content/VREditor/Devices/Vive/VivePreController_MasksB.uasset" 302
"../../../Engine/Content/VREditor/Devices/Oculus/OculusControllerMaterial.uasset" 303
"../../../Engine/Content/VREditor/Devices/Oculus/OculusControllerMaterial_Inst.uasset" 304
"../../../Engine/Content/VREditor/Devices/Oculus/OculusControllerMesh.uasset" 305
"../../../Engine/Content/VREditor/Devices/Vive/T_VivePreController_EM.uasset" 306
"../../../Engine/Content/VREditor/Devices/Vive/VivePreController_MasksA.uasset" 307
"../../../Engine/Content/VREditor/Devices/Vive/VivePreControllerDiffuse.uasset" 308
"../../../Engine/Content/VREditor/Devices/Vive/VivePreControllerSpec.uasset" 309
"../../../Engine/Content/VREditor/LaserPointer/VR_LaserPower_01.uasset" 310
"../../../Engine/Content/VREditor/Devices/Vive/VivePreControllerMaterial.uasset" 311
"../../../Engine/Content/VREditor/Devices/Vive/VivePreControllerMaterial_Inst.uasset" 312
"../../../Engine/Content/VREditor/Devices/Vive/VivePreControllerMesh.uasset" 313
"../../../Engine/Content/VREditor/FloatingText/LineMaterial.uasset" 314
"../../../Engine/Content/VREditor/FloatingText/JointSphere.uasset" 315
"../../../Engine/Content/VREditor/FloatingText/LineSegmentCylinder.uasset" 316
"../../../Engine/Content/VREditor/Fonts/VRText_RobotoLarge.uasset" 317
"../../../Engine/Content/VREditor/Fonts/VRTextMaterial.uasset" 318
"../../../Engine/Content/VREditor/Fonts/TranslucentVRTextMaterial.uasset" 319
"../../../Engine/Content/VREditor/LaserPointer/CursorPointer.uasset" 320
"../../../Engine/Content/VREditor/TransformGizmo/TransformGizmoMaterial.uasset" 321
"../../../Engine/Content/VREditor/LaserPointer/HoverMaterial.uasset" 322
"../../../Engine/Content/VREditor/TransformGizmo/TranslucentTransformGizmoMaterial.uasset" 323
"../../../Engine/Content/VREditor/LaserPointer/TranslucentHoverMaterial.uasset" 324
"../../../Engine/Content/VREditor/LaserPointer/HoverMesh.uasset" 325
"../../../Engine/Content/VREditor/LaserPointer/LaserPointerMaterial.uasset" 326
"../../../Engine/Content/VREditor/LaserPointer/LaserPointerMaterialInst.uasset" 327
"../../../Engine/Content/VREditor/LaserPointer/TranslucentLaserPointerMaterialInst.uasset" 328
"../../../Engine/Content/VREditor/LaserPointer/LaserPointerMesh.uasset" 329
"../../../Engine/Content/VREditor/LaserPointer/LaserPointerMesh_End.uasset" 330
"../../../Engine/Content/VREditor/LaserPointer/LaserPointerMesh_Start.uasset" 331
"../../../Engine/Content/VREditor/Sounds/VR_teleport.uasset" 332
"../../../Engine/Content/VREditor/Sounds/UI/Click_on_Button.uasset" 333
"../../../Engine/Content/VREditor/Sounds/UI/Click_on_Button_Cue.uasset" 334
"../../../Engine/Content/VREditor/Sounds/UI/Dockable_Window_Close.uasset" 335
"../../../Engine/Content/VREditor/Sounds/UI/Dockable_Window_Drop.uasset" 336
"../../../Engine/Content/VREditor/Sounds/UI/Dockable_Window_Open.uasset" 337
"../../../Engine/Content/VREditor/Sounds/UI/Dockable_Window_Pick_Up.uasset" 338
"../../../Engine/Content/VREditor/Sounds/UI/Drop_Item_From_ContentBrowser.uasset" 339
"../../../Engine/Content/VREditor/Sounds/UI/Floating_UI_Open-001.uasset" 340
"../../../Engine/Content/VREditor/Sounds/UI/Radial_Menu_FadeOut.uasset" 341
"../../../Engine/Content/VREditor/Sounds/UI/Teleport_Mode_Entered.uasset" 342
"../../../Engine/Content/VREditor/Teleport/TeleportDirectionMaterial.uasset" 343
"../../../Engine/Content/VREditor/Teleport/TeleportDirectionMaterial_Inst.uasset" 344
"../../../Engine/Content/VREditor/Teleport/TeleportDirectionMesh.uasset" 345
"../../../Engine/Content/VREditor/TransformGizmo/BoundingBoxCorner.uasset" 346
"../../../Engine/Content/VREditor/TransformGizmo/BoundingBoxEdge.uasset" 347
"../../../Engine/Content/VREditor/TransformGizmo/PlaneTranslationHandle.uasset" 348
"../../../Engine/Content/VREditor/TransformGizmo/Main.uasset" 349
"../../../Engine/Content/VREditor/TransformGizmo/Xray.uasset" 350
"../../../Engine/Content/VREditor/TransformGizmo/SM_Dialog_Close.uasset" 351
"../../../Engine/Content/VREditor/TransformGizmo/SM_Dialog_Move.uasset" 352
"../../../Engine/Content/VREditor/TransformGizmo/SM_Sequencer_Key.uasset" 353
"../../../Engine/Content/VREditor/TransformGizmo/SM_Sequencer_Node.uasset" 354
"../../../Engine/Content/VREditor/TransformGizmo/TransformGizmoMaterial_Inst.uasset" 355
"../../../Engine/Content/VREditor/TransformGizmo/TranslucentTransformGizmoMaterial_Inst.uasset" 356
"../../../Engine/Content/VREditor/Devices/Vive/UE4_Logo.uasset" 357
"../../../Engine/Content/VREditor/UI/M_ContentWindow.uasset" 358
"../../../Engine/Content/VREditor/UI/SM_ContentWindow_01.uasset" 359
"../../../Engine/Content/VREditor/UI/KeyDiskMaterial.uasset" 360
"../../../Engine/Content/VREditor/UI/DiscMaterial.uasset" 361
"../../../Engine/Content/VREditor/UI/SM_Radial_Disk.uasset" 362
"../../../Engine/Content/VREditor/UI/ArrowMaterial.uasset" 363
"../../../Engine/Content/VREditor/UI/SM_Radial_Pointer.uasset" 364
"../../../Engine/Content/Functions/Engine_MaterialFunctions01/Gradient/RadialGradient.uasset" 365
"../../../Engine/Content/VREditor/WorldMovementGrid/SimpleGrid.uasset" 366
"../../../Engine/Content/VREditor/WorldMovementGrid/GridMaterial.uasset" 367
"../../../Engine/Content/Functions/Engine_MaterialFunctions01/Density/ExponentialDensity.uasset" 368
"../../../Engine/Content/VREditor/WorldMovementGrid/GridPostProcess.uasset" 369
"../../../Engine/Content/EditorLandscapeResources/FlattenHeightMat.uasset" 370
"../../../Engine/Content/VREditor/WorldMovementGrid/PlaneMesh.uasset" 371
"../../../Engine/Content/Functions/Engine_MaterialFunctions01/Shading/PowerToRoughness.uasset" 372
"../../../Engine/Content/Maps/Templates/Thumbnails/Default.uasset" 373
"../../../Engine/Content/Maps/Templates/Thumbnails/VR-Basic.uasset" 374
"../../../Engine/Content/MapTemplates/Sky/DaylightAmbientCubemap.uasset" 375
"../../../Engine/Content/MobileResources/T_MobileControls_texture.uasset" 376
"../../../Engine/Content/MobileResources/T_MobileMenu2.uasset" 377
"../../../Engine/Content/MobileResources/HUD/AnalogHat.uasset" 378
"../../../Engine/Content/MobileResources/HUD/VirtualJoystick_Background.uasset" 379
"../../../Engine/Content/MobileResources/HUD/VirtualJoystick_Thumb.uasset" 380
"../../../Engine/Content/MobileResources/HUD/DefaultVirtualJoysticks.uasset" 381
"../../../Engine/Content/MobileResources/HUD/LeftVirtualJoystickOnly.uasset" 382
"../../../Engine/Content/MobileResources/HUD/MobileHUDButton1_off.uasset" 383
"../../../Engine/Content/MobileResources/HUD/MobileHUDButton1_on.uasset" 384
"../../../Engine/Content/MobileResources/HUD/MobileHUDButton2_off.uasset" 385
"../../../Engine/Content/MobileResources/HUD/MobileHUDButton2_on.uasset" 386
"../../../Engine/Content/MobileResources/HUD/MobileHUDButton3.uasset" 387
"../../../Engine/Content/MobileResources/HUD/MobileHUDButtonFire.uasset" 388
"../../../Engine/Content/MobileResources/HUD/MobileHUDDirectionPad.uasset" 389
"../../../Engine/Content/MobileResources/HUD/MobileHUDDirectionPad2.uasset" 390
"../../../Engine/Content/MobileResources/HUD/MobileHUDDirectionPad3.uasset" 391
"../../../Engine/Content/MobileResources/HUD/MobileHUDDirectionStick.uasset" 392
"../../Plugins/2D/Paper2D/Content/PlaceholderTextures/DummySpriteTexture.uasset" 393
"../../Plugins/2D/Paper2D/Content/DummySprite.uasset" 394
"../../Plugins/2D/Paper2D/Content/DefaultPaperTerrainMaterial.uasset" 395
"../../Plugins/2D/Paper2D/Content/DefaultSpriteMaterial.uasset" 396
"../../Plugins/2D/Paper2D/Content/MaskedUnlitSpriteMaterial.uasset" 397
"../../Plugins/2D/Paper2D/Content/OpaqueUnlitSpriteMaterial.uasset" 398
"../../Plugins/Media/MediaCompositing/Content/DefaultMediaPlaneTexture.uasset" 399
"../../Plugins/Media/MediaCompositing/Content/DefaultMediaPlaneMaterial.uasset" 400
"../../../Engine/Content/Functions/Engine_MaterialFunctions02/Utility/MakeFloat4.uasset" 401
"../../Plugins/Runtime/AppleARKit/Content/ARKitCameraMaterial.uasset" 402
"../../Plugins/Runtime/Oculus/OculusVR/Content/Textures/GearVRController_AO.uasset" 403
"../../Plugins/Runtime/Oculus/OculusVR/Content/Textures/GearVRController_Color.uasset" 404
"../../Plugins/Runtime/Oculus/OculusVR/Content/Textures/GearVRController_Normal.uasset" 405
"../../Plugins/Runtime/Oculus/OculusVR/Content/Materials/GearVRControllerMaterial.uasset" 406
"../../Plugins/Runtime/Oculus/OculusVR/Content/Meshes/GearVrController.uasset" 407
"E:/realsound/jam/Content/Animal_pack_ultra/Meshes/driver_ant_rig_exp_Skeleton.uasset" 408
"E:/realsound/jam/Content/Animal_pack_ultra/Meshes/driver_ant_idle.uasset" 409
"E:/realsound/jam/Content/Animal_pack_ultra/Meshes/driver_ant_walk_anim.uasset" 410
"E:/realsound/jam/Content/sinyoung/spider/Spider_Skeleton.uasset" 411
"E:/realsound/jam/Content/sinyoung/spider/jumpe.uasset" 412
"E:/realsound/jam/Content/sinyoung/spider/jumpst.uasset" 413
"E:/realsound/jam/Content/sinyoung/spider/Spider_Anim_Spider_Armature_fall.uasset" 414
"E:/realsound/jam/Content/sinyoung/spider/Spider_Anim_Spider_Armature_run_ani_vor.uasset" 415
"E:/realsound/jam/Content/sinyoung/spider/Spider_Anim_Spider_Armature_warte_pose.uasset" 416
"E:/realsound/jam/Content/sinyoung/spider/maincharanim.uasset" 417
"E:/realsound/jam/Content/sinyoung/spider/ing.uasset" 418
"E:/realsound/jam/Content/sinyoung/spider/Spider_Anim_Spider_Armature_run_ani_back.uasset" 419
"E:/realsound/jam/Content/sinyoung/spider/Spider_Anim_Spider_Armature_run_left.uasset" 420
"E:/realsound/jam/Content/sinyoung/spider/Spider_Anim_Spider_Armature_run_right.uasset" 421
"E:/realsound/jam/Content/sinyoung/spider/spiderblendspace.uasset" 422
"E:/realsound/jam/Content/sinyoung/spider/Minigamecharblueprint.uasset" 423
"E:/realsound/jam/Content/sinyoung/spider/haar_detail_NRM.uasset" 424
"E:/realsound/jam/Content/sinyoung/spider/Spinnen_Bein_tex_2.uasset" 425
"E:/realsound/jam/Content/sinyoung/spider/Spider1.uasset" 426
"E:/realsound/jam/Content/sinyoung/spider/Spider_Eye.uasset" 427
"E:/realsound/jam/Content/sinyoung/spider/Spider_teeth1.uasset" 428
"E:/realsound/jam/Content/sinyoung/spider/NewMaterial.uasset" 429
"E:/realsound/jam/Content/sinyoung/spider/NewMaterial_Inst.uasset" 430
"E:/realsound/jam/Content/sinyoung/spider/Spider_PhysicsAsset.uasset" 431
"E:/realsound/jam/Content/sinyoung/spider/Spider.uasset" 432
"E:/realsound/jam/Content/sinyoung/minigame/minigamechar.uasset" 433
"E:/realsound/jam/Content/sinyoung/possessingactor.uasset" 434
"E:/realsound/jam/Content/sinyoung/minigame/NewMaterial.uasset" 435
"E:/realsound/jam/Content/sinyoung/minigame/NewMaterial_Inst1.uasset" 436
"../../../Engine/Content/BasicShapes/Cone.uasset" 437
"E:/realsound/jam/Content/StarterContent/Textures/T_Burst_M.uasset" 438
"E:/realsound/jam/Content/StarterContent/Particles/Materials/M_Burst.uasset" 439
"E:/realsound/jam/Content/StarterContent/Textures/T_Explosion_SubUV.uasset" 440
"E:/realsound/jam/Content/StarterContent/Particles/Materials/M_explosion_subUV.uasset" 441
"E:/realsound/jam/Content/StarterContent/Particles/Materials/m_flare_01.uasset" 442
"E:/realsound/jam/Content/StarterContent/Particles/Materials/M_radial_ramp.uasset" 443
"E:/realsound/jam/Content/StarterContent/Textures/T_Smoke_SubUV.uasset" 444
"E:/realsound/jam/Content/StarterContent/Textures/T_Smoke_Tiled_D.uasset" 445
"E:/realsound/jam/Content/StarterContent/Particles/Materials/M_smoke_subUV.uasset" 446
"E:/realsound/jam/Content/StarterContent/Particles/P_Explosion.uasset" 447
"E:/realsound/jam/Content/sinyoung/minigame/2Denemyattack.uasset" 448
"E:/realsound/jam/Content/sinyoung/minigame/NewMaterial_Inst.uasset" 449
"../../../Engine/Content/BasicShapes/Sphere.uasset" 450
"E:/realsound/jam/Content/sinyoung/minigame/2dmyattack.uasset" 451
"E:/realsound/jam/Content/sinyoung/minigame/TextureRenderTarget.uasset" 452
"E:/realsound/jam/Content/sinyoung/minigame/ScenecameraMaterial.uasset" 453
"E:/realsound/jam/Content/sinyoung/ability.uasset" 454
"E:/realsound/jam/Content/sinyoung/challenge.uasset" 455
"E:/realsound/jam/Content/sinyoung/fail.uasset" 456
"E:/realsound/jam/Content/sinyoung/minigame/brain.uasset" 457
"E:/realsound/jam/Content/sinyoung/minigame/cloud.uasset" 458
"E:/realsound/jam/Content/sinyoung/minigame/cloud2.uasset" 459
"E:/realsound/jam/Content/sinyoung/minigame/spider.uasset" 460
"E:/realsound/jam/Content/sinyoung/siccess.uasset" 461
"E:/realsound/jam/Content/wonseok/BattleSystem/RunSkill.uasset" 462
"E:/realsound/jam/Content/wonseok/BattleSystem/soulImage.uasset" 463
"E:/realsound/jam/Content/wonseok/UMG/31199_76401_heart_beat.uasset" 464
"E:/realsound/jam/Content/wonseok/UMG/EscapeImage.uasset" 465
"E:/realsound/jam/Content/wonseok/UMG/RunImage.uasset" 466
"E:/realsound/jam/Content/sinyoung/mainwidget.uasset" 467
"E:/realsound/jam/Content/sinyoung/animals/animallist.uasset" 468
"E:/realsound/jam/Content/sinyoung/sector.uasset" 469
"E:/realsound/jam/Content/wonseok/Dissolve.uasset" 470
"E:/realsound/jam/Content/StarterContent/Textures/T_Wood_Oak_D.uasset" 471
"E:/realsound/jam/Content/wonseok/BattleSystem/M_Basic_Wall1.uasset" 472
"E:/realsound/jam/Content/wonseok/BattleSystem/M_SoulBeads.uasset" 473
"../../../Engine/Content/EngineResources/Black.uasset" 474
"E:/realsound/jam/Content/InfinityBladeEffects/Effects/Masters/M_Add_Sprite_Master_DepthFade.uasset" 475
"E:/realsound/jam/Content/InfinityBladeEffects/Effects/FX_Textures/Gradient/T_starFlare_01.uasset" 476
"E:/realsound/jam/Content/InfinityBladeEffects/Effects/FX_Materials/Gradient/M_Flare_01_INST.uasset" 477
"E:/realsound/jam/Content/InfinityBladeEffects/Effects/FX_Textures/Gradient/T_SoftFallOff.uasset" 478
"E:/realsound/jam/Content/InfinityBladeEffects/Effects/FX_Materials/Gradient/M_Flare_03_INST.uasset" 479
"E:/realsound/jam/Content/InfinityBladeEffects/Effects/Masters/M_Add_Sprite_Master.uasset" 480
"E:/realsound/jam/Content/InfinityBladeEffects/Effects/FX_Textures/Gradient/T_BlastHalf.uasset" 481
"E:/realsound/jam/Content/InfinityBladeEffects/Effects/FX_Materials/Gradient/M_Flare_Vertical_01_INST.uasset" 482
"E:/realsound/jam/Content/EFFECT/P_Map_Glow_01.uasset" 483
"E:/realsound/jam/Content/StarterContent/Materials/M_Basic_Wall.uasset" 484
"E:/realsound/jam/Content/StarterContent/Shapes/Shape_Sphere.uasset" 485
"E:/realsound/jam/Content/wonseok/BattleSystem/SoulBeads.uasset" 486
"E:/realsound/jam/Content/KiteDemo/Environments/Foliage/BogMyrtle_01/BogMyrtle_01_Atlas_Normal_Tex.uasset" 487
"E:/realsound/jam/Content/KiteDemo/Environments/Foliage/BogMyrtle_01/BogMyrtle_01_Atlas_Tex.uasset" 488
"E:/realsound/jam/Content/KiteDemo/Environments/Foliage/BogMyrtle_01/T_BogMyrtleBtm_01_D.uasset" 489
"E:/realsound/jam/Content/KiteDemo/Environments/Foliage/BogMyrtle_01/T_BogMyrtleBtm_01_N.uasset" 490
"E:/realsound/jam/Content/KiteDemo/Environments/Foliage/BogMyrtle_01/BogMyrtle_01_Fronds_Mat.uasset" 491
"E:/realsound/jam/Content/KiteDemo/Environments/Foliage/BogMyrtle_01/BogMyrtle_01_Fronds_Mat_Inst.uasset" 492
"E:/realsound/jam/Content/KiteDemo/Environments/Foliage/BogMyrtleBush_01/BogMyrtleBush_01.uasset" 493
"E:/realsound/jam/Content/sinyoung/bushimage.uasset" 494
"E:/realsound/jam/Content/sinyoung/bush.uasset" 495
"E:/realsound/jam/Content/wonseok/AIController/BPE_EnemyState.uasset" 496
"E:/realsound/jam/Content/wonseok/AIController/BP_AnimalBB.uasset" 497
"E:/realsound/jam/Content/Animal_pack_ultra/Meshes/Wolf_Rig_Skeleton.uasset" 498
"E:/realsound/jam/Content/Animal_pack_ultra/Meshes/Wolf_Attack.uasset" 499
"E:/realsound/jam/Content/Animal_pack_ultra/Meshes/Wolf_Die.uasset" 500
"E:/realsound/jam/Content/Animal_pack_ultra/Meshes/Wolf_IdleA.uasset" 501
"E:/realsound/jam/Content/Animal_pack_ultra/Meshes/Wolf_IdleB.uasset" 502
"E:/realsound/jam/Content/Animal_pack_ultra/Meshes/Wolf_IdleC.uasset" 503
"E:/realsound/jam/Content/Animal_pack_ultra/Meshes/Wolf_Run.uasset" 504
"E:/realsound/jam/Content/Animal_pack_ultra/Meshes/Wolf_Walk.uasset" 505
"E:/realsound/jam/Content/wonseok/AIController/AITest_Anim_Bp.uasset" 506
"E:/realsound/jam/Content/Animal_pack_ultra/Meshes/Wolf_Attack_Montage.uasset" 507
"E:/realsound/jam/Content/Animal_pack_ultra/Meshes/Wolf_Howl.uasset" 508
"E:/realsound/jam/Content/Animal_pack_ultra/Meshes/Wolf_Howl_Montage.uasset" 509
"E:/realsound/jam/Content/Animal_pack_ultra/Textures/common_wolf_AO4.uasset" 510
"E:/realsound/jam/Content/Animal_pack_ultra/Textures/common_wolf_col2.uasset" 511
"E:/realsound/jam/Content/Animal_pack_ultra/Textures/common_wolf_gloss.uasset" 512
"E:/realsound/jam/Content/Animal_pack_ultra/Textures/common_wolf_nrml4.uasset" 513
"E:/realsound/jam/Content/Animal_pack_ultra/Textures/common_wolf_spec.uasset" 514
"E:/realsound/jam/Content/StarterContent/Textures/T_Fire_Tiled_D.uasset" 515
"E:/realsound/jam/Content/Animal_pack_ultra/Materials/common_wolf.uasset" 516
"E:/realsound/jam/Content/Animal_pack_ultra/Meshes/Wolf_Rig_PhysicsAsset.uasset" 517
"E:/realsound/jam/Content/Animal_pack_ultra/Meshes/Wolf_Rig.uasset" 518
"E:/realsound/jam/Content/wonseok/AIController/AITest.uasset" 519
"E:/realsound/jam/Content/wonseok/AIController/BTD_AggroCheck.uasset" 520
"E:/realsound/jam/Content/wonseok/AIController/BTS_BattleToRunAway.uasset" 521
"E:/realsound/jam/Content/wonseok/AIController/BTS_Bye.uasset" 522
"E:/realsound/jam/Content/wonseok/AIController/BTS_ChaseToPeace.uasset" 523
"E:/realsound/jam/Content/wonseok/AIController/BTS_LookAtTarget.uasset" 524
"E:/realsound/jam/Content/wonseok/AIController/BTT_Dead.uasset" 525
"E:/realsound/jam/Content/wonseok/AIController/BTT_SetState.uasset" 526
"E:/realsound/jam/Content/wonseok/AIController/BTT_SetTargetLoc.uasset" 527
"E:/realsound/jam/Content/wonseok/AIController/BP_AnimalBT.uasset" 528
"E:/realsound/jam/Content/wonseok/AIController/BP_AIController.uasset" 529
"E:/realsound/jam/Content/wonseok/BattleSystem/PlayerCameraShake.uasset" 530
"E:/realsound/jam/Content/wonseok/BattleSystem/TakeDamageCS.uasset" 531
"E:/realsound/jam/Content/InfinityBladeEffects/Effects/FX_Textures/Gradient/T_BlastWave.uasset" 532
"E:/realsound/jam/Content/InfinityBladeEffects/Effects/FX_Materials/M_Shockwave_01_ADD_INST.uasset" 533
"E:/realsound/jam/Content/EFFECT/P_Aura_Poison_Upheaval_Charge_01.uasset" 534
"E:/realsound/jam/Content/InfinityBladeEffects/Effects/FX_Textures/Gradient/T_SlashArc.uasset" 535
"E:/realsound/jam/Content/InfinityBladeEffects/Effects/FX_Materials/Gradient/M_SlashArc_01_INST.uasset" 536
"E:/realsound/jam/Content/InfinityBladeEffects/Effects/FX_Meshes/Skills/SM_SlashArc.uasset" 537
"E:/realsound/jam/Content/InfinityBladeEffects/Effects/FX_Combat_Base/WeaponCombo/P_Combo_Finish_Fire_01.uasset" 538
"E:/realsound/jam/Content/wonseok/UMG/BackMenu.uasset" 539
"E:/realsound/jam/Content/wonseok/UMG/GameOver.uasset" 540
"E:/realsound/jam/Content/wonseok/UMG/GameOverUMG.uasset" 541
"E:/realsound/jam/Content/sinyoung/TESTPC.uasset" 542
"E:/realsound/jam/Content/sinyoung/TESTGM.uasset" 543
"E:/realsound/jam/Content/wonseok/UMG/ByeImage.uasset" 544
"E:/realsound/jam/Content/wonseok/UMG/DisplayImage.uasset" 545
"E:/realsound/jam/Content/sinyoung/maingamechar.uasset" 546
"E:/realsound/jam/Content/EFFECT/P_Aura_Ice_Upheaval_Charge_01.uasset" 547
"E:/realsound/jam/Content/InfinityBladeEffects/Effects/Masters/M_Add_Sprite_SubUV_Master.uasset" 548
"E:/realsound/jam/Content/InfinityBladeEffects/Effects/FX_Textures/Gradient/T_impactFlares_meleeBase.uasset" 549
"E:/realsound/jam/Content/InfinityBladeEffects/Effects/FX_Materials/Gradient/M_Flash_Impact_01_1X2_INST.uasset" 550
"E:/realsound/jam/Content/InfinityBladeEffects/Effects/Masters/M_Add_Sprite_2Sided_Master.uasset" 551
"E:/realsound/jam/Content/InfinityBladeEffects/Effects/FX_Materials/M_Shockwave_01_Add_2Side_INST.uasset" 552
"E:/realsound/jam/Content/InfinityBladeEffects/Effects/Masters/M_Trans_Sprite_SubUV_Master_DepthFade.uasset" 553
"E:/realsound/jam/Content/InfinityBladeEffects/Effects/FX_Textures/Smoke/T_Smoke_subUV_01.uasset" 554
"E:/realsound/jam/Content/InfinityBladeEffects/Effects/FX_Materials/Smoke/M_Smoke_02_Trans_6X6_INST.uasset" 555
"E:/realsound/jam/Content/InfinityBladeEffects/Effects/FX_Meshes/Mobile/SM_ChargeTell.uasset" 556
"E:/realsound/jam/Content/EFFECT/P_SpearBlast_Pulse.uasset" 557
"E:/realsound/jam/Content/sinyoung/angry.uasset" 558
"E:/realsound/jam/Content/wonseok/UMG/animalfoot.uasset" 559
"E:/realsound/jam/Content/wonseok/UMG/Damage.uasset" 560
"E:/realsound/jam/Content/sinyoung/animals/defaultchar.uasset" 561
"E:/realsound/jam/Content/Animal_pack_ultra/Textures/driver_ant_AO2.uasset" 562
"E:/realsound/jam/Content/Animal_pack_ultra/Textures/driver_ant_col2.uasset" 563
"E:/realsound/jam/Content/Animal_pack_ultra/Textures/driver_ant_gloss.uasset" 564
"E:/realsound/jam/Content/Animal_pack_ultra/Textures/driver_ant_nrml3.uasset" 565
"E:/realsound/jam/Content/Animal_pack_ultra/Materials/driver_ant.uasset" 566
"E:/realsound/jam/Content/Animal_pack_ultra/Materials/driver_ant_Inst.uasset" 567
"E:/realsound/jam/Content/Animal_pack_ultra/Meshes/driver_ant_rig_exp_PhysicsAsset.uasset" 568
"E:/realsound/jam/Content/Animal_pack_ultra/Meshes/driver_ant_rig_exp.uasset" 569
"E:/realsound/jam/Content/sinyoung/animals/ant.uasset" 570
"E:/realsound/jam/Content/Animal_pack_ultra/AnimationBlueprints/Driver_ant_anim_bp.uasset" 571
"E:/realsound/jam/Content/InfinityBladeEffects/Effects/FX_Textures/Gradient/T_SwipeTrail.uasset" 572
"E:/realsound/jam/Content/InfinityBladeEffects/Effects/FX_Materials/Trails/M_Swipe_Mesh_Add_2Sided_01_INST.uasset" 573
"E:/realsound/jam/Content/InfinityBladeEffects/Effects/FX_Meshes/Skills/SM_LeachHealth.uasset" 574
"E:/realsound/jam/Content/EFFECT/P_AuraCircle_LeachBeam.uasset" 575
"E:/realsound/jam/Content/sinyoung/animals/Boss_Ant.uasset" 576
"E:/realsound/jam/Content/Animal_pack_ultra/Meshes/Bear_Rig_Skeleton.uasset" 577
"E:/realsound/jam/Content/Animal_pack_ultra/Meshes/Bear_Attack.uasset" 578
"E:/realsound/jam/Content/Animal_pack_ultra/Meshes/Bear_Die.uasset" 579
"E:/realsound/jam/Content/Animal_pack_ultra/Meshes/Bear_Eat.uasset" 580
"E:/realsound/jam/Content/Animal_pack_ultra/Meshes/Bear_Idle.uasset" 581
"E:/realsound/jam/Content/Animal_pack_ultra/Meshes/Bear_Idle1.uasset" 582
"E:/realsound/jam/Content/Animal_pack_ultra/Meshes/Bear_Run.uasset" 583
"E:/realsound/jam/Content/Animal_pack_ultra/Meshes/Bear_Walk.uasset" 584
"E:/realsound/jam/Content/Animal_pack_ultra/Meshes/Bear_Attack_Montage.uasset" 585
"E:/realsound/jam/Content/Animal_pack_ultra/Meshes/Bear_Idle1_Montage.uasset" 586
"E:/realsound/jam/Content/Animal_pack_ultra/Textures/brown_bear_col4.uasset" 587
"E:/realsound/jam/Content/Animal_pack_ultra/Textures/brown_bear_gloss2.uasset" 588
"E:/realsound/jam/Content/Animal_pack_ultra/Textures/brown_bear_nrml7.uasset" 589
"E:/realsound/jam/Content/Animal_pack_ultra/Materials/brown_bear.uasset" 590
"E:/realsound/jam/Content/Animal_pack_ultra/Meshes/Bear_Rig_PhysicsAsset.uasset" 591
"E:/realsound/jam/Content/Animal_pack_ultra/Meshes/Bear_Rig.uasset" 592
"E:/realsound/jam/Content/sinyoung/animals/realbear.uasset" 593
"E:/realsound/jam/Content/Animal_pack_ultra/AnimationBlueprints/Bear_anim_blueprint.uasset" 594
"E:/realsound/jam/Content/sinyoung/animals/Boss_Bear.uasset" 595
"E:/realsound/jam/Content/Animal_pack_ultra/Meshes/Wolf_Eat.uasset" 596
"E:/realsound/jam/Content/Animal_pack_ultra/Materials/common_wolf_Inst.uasset" 597
"E:/realsound/jam/Content/sinyoung/animals/wolf.uasset" 598
"E:/realsound/jam/Content/Animal_pack_ultra/AnimationBlueprints/Common_wolf_anim_bp.uasset" 599
"E:/realsound/jam/Content/sinyoung/animals/Boss_Wolf.uasset" 600
"E:/realsound/jam/Content/Animal_pack_ultra/dragon3/dragon_idle_2_Skeleton.uasset" 601
"E:/realsound/jam/Content/Animal_pack_ultra/dragon3/dragon_fire_breathing_3.uasset" 602
"E:/realsound/jam/Content/Animal_pack_ultra/dragon3/dragon_flying_1.uasset" 603
"E:/realsound/jam/Content/Animal_pack_ultra/dragon3/dragon_idle_2_Anim.uasset" 604
"E:/realsound/jam/Content/Animal_pack_ultra/dragon3/dragon_running_1.uasset" 605
"E:/realsound/jam/Content/Animal_pack_ultra/dragon3/dragon_walking_1.uasset" 606
"E:/realsound/jam/Content/Animal_pack_ultra/dragon3/dragon_fire_breathing_3_Montage.uasset" 607
"E:/realsound/jam/Content/Animal_pack_ultra/dragon/Dragon20k_NormalMap.uasset" 608
"E:/realsound/jam/Content/Animal_pack_ultra/dragon/Dragon20k_Spiked_Red_Texture.uasset" 609
"E:/realsound/jam/Content/Animal_pack_ultra/dragon/lambert2.uasset" 610
"E:/realsound/jam/Content/Animal_pack_ultra/dragon/lambert2_Inst.uasset" 611
"E:/realsound/jam/Content/Animal_pack_ultra/dragon3/dragon_idle_2_PhysicsAsset.uasset" 612
"E:/realsound/jam/Content/Animal_pack_ultra/dragon3/dragon_idle_2.uasset" 613
"E:/realsound/jam/Content/sinyoung/animals/fly/reddragon.uasset" 614
"E:/realsound/jam/Content/Animal_pack_ultra/reddragonanim.uasset" 615
"E:/realsound/jam/Content/sinyoung/animals/fly/Boss_Reddragon.uasset" 616
"E:/realsound/jam/Content/Animal_pack_ultra/horse/horse_idle_5_Skeleton.uasset" 617
"E:/realsound/jam/Content/Animal_pack_ultra/horse/horse_canter_1.uasset" 618
"E:/realsound/jam/Content/Animal_pack_ultra/horse/horse_gallop_1.uasset" 619
"E:/realsound/jam/Content/Animal_pack_ultra/horse/horse_grazing_1.uasset" 620
"E:/realsound/jam/Content/Animal_pack_ultra/horse/horse_idle_5_Anim.uasset" 621
"E:/realsound/jam/Content/Animal_pack_ultra/horse/horse_kick_1.uasset" 622
"E:/realsound/jam/Content/Animal_pack_ultra/horse/horse_rearing_1.uasset" 623
"E:/realsound/jam/Content/Animal_pack_ultra/horse/horse_walk_1.uasset" 624
"E:/realsound/jam/Content/Animal_pack_ultra/horse/horsegrazing_2.uasset" 625
"E:/realsound/jam/Content/Animal_pack_ultra/horseanim.uasset" 626
"E:/realsound/jam/Content/Animal_pack_ultra/horse/horse_backattack.uasset" 627
"E:/realsound/jam/Content/Animal_pack_ultra/horse/horse_rearing_attack1.uasset" 628
"E:/realsound/jam/Content/Animal_pack_ultra/horse/horsejump_2.uasset" 629
"E:/realsound/jam/Content/Animal_pack_ultra/horse/horsejump.uasset" 630
"E:/realsound/jam/Content/Animal_pack_ultra/horse/horse1.uasset" 631
"E:/realsound/jam/Content/Animal_pack_ultra/dragon/phong1.uasset" 632
"E:/realsound/jam/Content/Animal_pack_ultra/dragon/phong1_Inst.uasset" 633
"E:/realsound/jam/Content/Animal_pack_ultra/horse/horse_idle_5_PhysicsAsset.uasset" 634
"E:/realsound/jam/Content/Animal_pack_ultra/horse/horse_idle_5.uasset" 635
"E:/realsound/jam/Content/sinyoung/animals/RealHorse.uasset" 636
"../../../Engine/Content/EngineSky/C_Sky_Cloud_Color.uasset" 637
"../../../Engine/Content/EngineSky/C_Sky_Horizon_Color.uasset" 638
"../../../Engine/Content/EngineSky/C_Sky_Zenith_Color.uasset" 639
"../../../Engine/Content/EngineSky/T_Sky_Blue.uasset" 640
"../../../Engine/Content/EngineSky/T_Sky_Clouds_M.uasset" 641
"../../../Engine/Content/EngineSky/T_Sky_Stars.uasset" 642
"../../../Engine/Content/EngineSky/M_Sky_Panning_Clouds2.uasset" 643
"../../../Engine/Content/EngineSky/SM_SkySphere.uasset" 644
"../../../Engine/Content/EngineSky/BP_Sky_Sphere.uasset" 645
"E:/realsound/jam/Content/Animal_pack_ultra/Meshes/Chicken_Rig_Skeleton.uasset" 646
"E:/realsound/jam/Content/Animal_pack_ultra/Meshes/Chicken_Die.uasset" 647
"E:/realsound/jam/Content/Animal_pack_ultra/Meshes/Chicken_Eat.uasset" 648
"E:/realsound/jam/Content/Animal_pack_ultra/Meshes/Chicken_Idle.uasset" 649
"E:/realsound/jam/Content/Animal_pack_ultra/Meshes/Chicken_Run.uasset" 650
"E:/realsound/jam/Content/Animal_pack_ultra/Meshes/Chicken_Walk.uasset" 651
"E:/realsound/jam/Content/Animal_pack_ultra/AnimationBlueprints/Chicken_anim_bp.uasset" 652
"E:/realsound/jam/Content/Animal_pack_ultra/Meshes/Chicken_Attack.uasset" 653
"E:/realsound/jam/Content/Animal_pack_ultra/Textures/chicken_AO3.uasset" 654
"E:/realsound/jam/Content/Animal_pack_ultra/Textures/chicken_col_v4.uasset" 655
"E:/realsound/jam/Content/Animal_pack_ultra/Textures/chicken_gloss3.uasset" 656
"E:/realsound/jam/Content/Animal_pack_ultra/Textures/chicken_nrml_v3.uasset" 657
"E:/realsound/jam/Content/Animal_pack_ultra/Materials/chicken_brown.uasset" 658
"E:/realsound/jam/Content/Animal_pack_ultra/Materials/chicken_brown_Inst.uasset" 659
"E:/realsound/jam/Content/Animal_pack_ultra/Meshes/Chicken_Rig_PhysicsAsset.uasset" 660
"E:/realsound/jam/Content/Animal_pack_ultra/Meshes/Chicken_Rig.uasset" 661
"E:/realsound/jam/Content/sinyoung/animals/chicken.uasset" 662
"E:/realsound/jam/Content/Animal_pack_ultra/Meshes/common_frog_rig_exp_Skeleton.uasset" 663
"E:/realsound/jam/Content/Animal_pack_ultra/Meshes/common_frog_die_anim.uasset" 664
"E:/realsound/jam/Content/Animal_pack_ultra/Meshes/common_frog_idle_anim.uasset" 665
"E:/realsound/jam/Content/Animal_pack_ultra/Meshes/common_frog_run_anim.uasset" 666
"E:/realsound/jam/Content/Animal_pack_ultra/Meshes/common_frog_walk_anim.uasset" 667
"E:/realsound/jam/Content/Animal_pack_ultra/AnimationBlueprints/common_frog_anim_bp.uasset" 668
"E:/realsound/jam/Content/Animal_pack_ultra/Textures/common_frog_col4.uasset" 669
"E:/realsound/jam/Content/Animal_pack_ultra/Textures/common_frog_nrml2_u1_v1.uasset" 670
"E:/realsound/jam/Content/Animal_pack_ultra/Textures/green_frog_AO3.uasset" 671
"E:/realsound/jam/Content/Animal_pack_ultra/Textures/green_frog_gloss.uasset" 672
"E:/realsound/jam/Content/Animal_pack_ultra/Materials/common_frog.uasset" 673
"E:/realsound/jam/Content/Animal_pack_ultra/Materials/common_frog_Inst.uasset" 674
"E:/realsound/jam/Content/Animal_pack_ultra/Meshes/common_frog_rig_exp_PhysicsAsset.uasset" 675
"E:/realsound/jam/Content/Animal_pack_ultra/Meshes/common_frog_rig_exp.uasset" 676
"E:/realsound/jam/Content/sinyoung/animals/frog.uasset" 677
"E:/realsound/jam/Content/Animal_pack_ultra/Meshes/WildRabbit_Rig_Skeleton.uasset" 678
"E:/realsound/jam/Content/Animal_pack_ultra/Meshes/Wild_rabbit_die.uasset" 679
"E:/realsound/jam/Content/Animal_pack_ultra/Meshes/Wild_rabbit_eat.uasset" 680
"E:/realsound/jam/Content/Animal_pack_ultra/Meshes/Wild_rabbit_idle.uasset" 681
"E:/realsound/jam/Content/Animal_pack_ultra/Meshes/Wild_rabbit_run.uasset" 682
"E:/realsound/jam/Content/Animal_pack_ultra/Meshes/Wild_rabbit_walk.uasset" 683
"E:/realsound/jam/Content/Animal_pack_ultra/AnimationBlueprints/Wild_rabbit_anim_bp.uasset" 684
"E:/realsound/jam/Content/Animal_pack_ultra/Textures/wild_rabbit_col5.uasset" 685
"E:/realsound/jam/Content/Animal_pack_ultra/Textures/wild_rabbit_gloss2.uasset" 686
"E:/realsound/jam/Content/Animal_pack_ultra/Textures/wild_rabbit_nrml4.uasset" 687
"E:/realsound/jam/Content/Animal_pack_ultra/Textures/wild_rabbit_spec3.uasset" 688
"E:/realsound/jam/Content/Animal_pack_ultra/Materials/wild_rabbit.uasset" 689
"E:/realsound/jam/Content/Animal_pack_ultra/Materials/wild_rabbit_Inst.uasset" 690
"E:/realsound/jam/Content/Animal_pack_ultra/Meshes/WildRabbit_Rig_PhysicsAsset.uasset" 691
"E:/realsound/jam/Content/Animal_pack_ultra/Meshes/WildRabbit_Rig.uasset" 692
"E:/realsound/jam/Content/sinyoung/animals/rabbit.uasset" 693
"E:/realsound/jam/Content/Animal_pack_ultra/Meshes/rat_rig_exp_Skeleton.uasset" 694
"E:/realsound/jam/Content/Animal_pack_ultra/Meshes/rat_die_anim.uasset" 695
"E:/realsound/jam/Content/Animal_pack_ultra/Meshes/rat_idle_anim.uasset" 696
"E:/realsound/jam/Content/Animal_pack_ultra/Meshes/rat_run_anim.uasset" 697
"E:/realsound/jam/Content/Animal_pack_ultra/Meshes/rat_walk_anim.uasset" 698
"E:/realsound/jam/Content/Animal_pack_ultra/AnimationBlueprints/rat_anim_bp.uasset" 699
"E:/realsound/jam/Content/Animal_pack_ultra/Textures/rat_col13.uasset" 700
"E:/realsound/jam/Content/Animal_pack_ultra/Textures/rat_gloss11.uasset" 701
"E:/realsound/jam/Content/Animal_pack_ultra/Textures/rat_nrml14.uasset" 702
"E:/realsound/jam/Content/Animal_pack_ultra/Textures/rat_SS.uasset" 703
"E:/realsound/jam/Content/Animal_pack_ultra/Materials/rat.uasset" 704
"E:/realsound/jam/Content/Animal_pack_ultra/Materials/rat_Inst.uasset" 705
"E:/realsound/jam/Content/Animal_pack_ultra/Meshes/rat_rig_exp_PhysicsAsset.uasset" 706
"E:/realsound/jam/Content/Animal_pack_ultra/Meshes/rat_rig_exp.uasset" 707
"E:/realsound/jam/Content/sinyoung/animals/rat_rig.uasset" 708
"E:/realsound/jam/Content/Animal_pack_ultra/Meshes/snail_rig_exp_Skeleton.uasset" 709
"E:/realsound/jam/Content/Animal_pack_ultra/Meshes/snail_die_anim.uasset" 710
"E:/realsound/jam/Content/Animal_pack_ultra/Meshes/snail_idle_anim.uasset" 711
"E:/realsound/jam/Content/Animal_pack_ultra/Meshes/snail_walk_anim.uasset" 712
"E:/realsound/jam/Content/Animal_pack_ultra/AnimationBlueprints/Snail_anim_bp.uasset" 713
"E:/realsound/jam/Content/Animal_pack_ultra/Textures/snail_AO.uasset" 714
"E:/realsound/jam/Content/Animal_pack_ultra/Textures/snail_col4.uasset" 715
"E:/realsound/jam/Content/Animal_pack_ultra/Textures/snail_gloss2.uasset" 716
"E:/realsound/jam/Content/Animal_pack_ultra/Textures/snail_nrml3.uasset" 717
"E:/realsound/jam/Content/Animal_pack_ultra/Materials/snail.uasset" 718
"E:/realsound/jam/Content/Animal_pack_ultra/Materials/snail_Inst.uasset" 719
"E:/realsound/jam/Content/Animal_pack_ultra/Meshes/snail_rig_exp_PhysicsAsset.uasset" 720
"E:/realsound/jam/Content/Animal_pack_ultra/Meshes/snail_rig_exp.uasset" 721
"E:/realsound/jam/Content/sinyoung/animals/snail.uasset" 722
"E:/realsound/jam/Content/wonseok/Maps/SecondMap_sharedassets/Grass_LayerInfo.uasset" 723
"E:/realsound/jam/Content/wonseok/Maps/SecondMap_sharedassets/Gravel_LayerInfo.uasset" 724
"E:/realsound/jam/Content/wonseok/Maps/SecondMap_sharedassets/Leaf_LayerInfo.uasset" 725
"E:/realsound/jam/Content/wonseok/Maps/SecondMap_sharedassets/River_LayerInfo.uasset" 726
"E:/realsound/jam/Content/wonseok/Maps/SecondMap_sharedassets/Sand_LayerInfo.uasset" 727
"E:/realsound/jam/Content/wonseok/Maps/SecondMap_BuiltData.uasset" 728
"E:/realsound/jam/Content/sinyoung/space.uasset" 729
"E:/realsound/jam/Content/sinyoung/spacemat.uasset" 730
"E:/realsound/jam/Content/wonseok/Maps/Textures/T_Grass_D.uasset" 731
"E:/realsound/jam/Content/wonseok/Maps/Textures/T_Grass_N.uasset" 732
"E:/realsound/jam/Content/wonseok/Maps/Textures/T_Gravel_D_R.uasset" 733
"E:/realsound/jam/Content/wonseok/Maps/Textures/T_Gravel_N.uasset" 734
"E:/realsound/jam/Content/wonseok/Maps/Material/M_Jungle.uasset" 735
"E:/realsound/jam/Content/wonseok/Maps/Textures/T_Water_Sea_01_N.uasset" 736
"E:/realsound/jam/Content/wonseok/Maps/Material/M_Ocean.uasset" 737
"../../../Engine/Content/BasicShapes/Plane.uasset" 738
"../../../Engine/Content/EditorResources/MatineeCam_D.uasset" 739
"../../../Engine/Content/EditorMaterials/MatineeCam_mat.uasset" 740
"../../../Engine/Content/EditorMeshes/MatineeCam_SM.uasset" 741
"../../../Engine/Content/Functions/Engine_MaterialFunctions01/Gradient/LinearGradient.uasset" 742
"../../../Engine/Content/Functions/Engine_MaterialFunctions01/ImageAdjustment/CheapContrast.uasset" 743
"../../../Engine/Content/Functions/Engine_MaterialFunctions02/Math/Transform3x3Matrix.uasset" 744
"../../../Engine/Content/Functions/Engine_MaterialFunctions02/TangentBasis.uasset" 745
"../../../Engine/Content/EngineMaterials/FlatNormal.uasset" 746
"E:/realsound/jam/Content/KiteDemo/Environments/GroundTiles/RockyPath/T_GDC_StonePath_Tile_H.uasset" 747
"E:/realsound/jam/Content/KiteDemo/Textures/T_CliffRock_03_N.uasset" 748
"E:/realsound/jam/Content/KiteDemo/Textures/T_CliffRockTile_03_D.uasset" 749
"E:/realsound/jam/Content/KiteDemo/Material/M_Photoscan_Master_Displacement.uasset" 750
"E:/realsound/jam/Content/KiteDemo/Environments/GroundTiles/LeafyPath/T_GDC_Tiling_LeafPath_N.uasset" 751
"E:/realsound/jam/Content/KiteDemo/Environments/GroundTiles/LeafyPath/T_GDC_Tiling_LeafPath_D_R.uasset" 752
"E:/realsound/jam/Content/KiteDemo/Environments/GroundTiles/LeafyPath/T_GDC_Tiling_LeafPath_H.uasset" 753
"E:/realsound/jam/Content/KiteDemo/Environments/GroundTiles/LeafyPath/MI_Tile_LeafPath.uasset" 754
"E:/realsound/jam/Content/EnvProp/Road/SM_MuddyDirtRoad.uasset" 755
"E:/realsound/jam/Content/KiteDemo/Environments/GroundTiles/LeafyPath/T_GDC_Tiling_LeafpathStones_N.uasset" 756
"E:/realsound/jam/Content/KiteDemo/Environments/GroundTiles/LeafyPath/T_GDC_Tiling_LeafPathStones_D_R.uasset" 757
"E:/realsound/jam/Content/KiteDemo/Environments/GroundTiles/LeafyPath/T_GDC_Tiling_LeafPathStones_H.uasset" 758
"E:/realsound/jam/Content/KiteDemo/Environments/GroundTiles/LeafyPath/MI_Tile_LeafPathStones.uasset" 759
"E:/realsound/jam/Content/EnvProp/Road/SM_MuddyDirtRoad1.uasset" 760
"E:/realsound/jam/Content/wonseok/Maps/SecondMap.umap" 761
"../../../Engine/Content/Maps/Entry.umap" 762
